<?xml version="1.0" encoding="UTF-8"?>
<!-- Generated by org.testng.reporters.JUnitReportReporter -->
<testsuite hostname="TSLC1081" name="com.raptor.testcases.Visitor_SignIn_Test" tests="2" failures="0" timestamp="16 May 2017 08:48:30 GMT" time="97.290" errors="0">
  <testcase name="signInVisitorManually" time="78.742" classname="com.raptor.testcases.Visitor_SignIn_Test"/>
  <testcase name="signInVisitorByQuickFind" time="18.548" classname="com.raptor.testcases.Visitor_SignIn_Test"/>
</testsuite> <!-- com.raptor.testcases.Visitor_SignIn_Test -->
